<?xml version="1.0" encoding="UTF-8"?>
<!-- Generated by org.testng.reporters.JUnitReportReporter -->
<testsuite hostname="DESKTOP-C5G88TU" failures="0" tests="1" name="com.orangehrm.test.SignInTest" time="35.327" errors="0" timestamp="2024-12-24T17:18:12 IST" skipped="0">
  <testcase classname="com.orangehrm.test.SignInTest" name="SignIn" time="35.327"/>
  <system-out/>
</testsuite> <!-- com.orangehrm.test.SignInTest -->
